Unity Editor version:    2022.3.22f1 (887be4894c44)
Branch:                  2022.3/staging
Build type:              Release
Batch mode:              YES
System name:             Linux
Distro version:          #1 SMP PREEMPT_DYNAMIC Wed Mar  6 19:35:04 UTC 2024
Kernel version:          6.7.9-200.fc39.x86_64
Architecture:            x86_64
Available memory:        15773 MB
Using pre-set license
Pro License: YES
Gtk-Message: 19:30:36.322: Failed to load module "colorreload-gtk-module"
Gtk-Message: 19:30:36.323: Failed to load module "window-decorations-gtk-module"
Gtk-Message: 19:30:36.323: Failed to load module "appmenu-gtk-module"
Desktop is 4365 x 2200 @ 60 Hz
Initialize udev device monitor.

COMMAND LINE ARGUMENTS:
Unity
-adb2
-batchMode
-noUpm
-name
AssetImportWorker0
-projectPath
/home/tallen/Documents/Car-Crash-Sim
-logFile
Logs/AssetImportWorker0.log
-srvPort
37475
Successfully changed project path to: /home/tallen/Documents/Car-Crash-Sim
/home/tallen/Documents/Car-Crash-Sim
[UnityMemory] Configuration Parameters - Can be set up in boot.config
    "memorysetup-bucket-allocator-granularity=16"
    "memorysetup-bucket-allocator-bucket-count=8"
    "memorysetup-bucket-allocator-block-size=33554432"
    "memorysetup-bucket-allocator-block-count=8"
    "memorysetup-main-allocator-block-size=16777216"
    "memorysetup-thread-allocator-block-size=16777216"
    "memorysetup-gfx-main-allocator-block-size=16777216"
    "memorysetup-gfx-thread-allocator-block-size=16777216"
    "memorysetup-cache-allocator-block-size=4194304"
    "memorysetup-typetree-allocator-block-size=2097152"
    "memorysetup-profiler-bucket-allocator-granularity=16"
    "memorysetup-profiler-bucket-allocator-bucket-count=8"
    "memorysetup-profiler-bucket-allocator-block-size=33554432"
    "memorysetup-profiler-bucket-allocator-block-count=8"
    "memorysetup-profiler-allocator-block-size=16777216"
    "memorysetup-profiler-editor-allocator-block-size=1048576"
    "memorysetup-temp-allocator-size-main=16777216"
    "memorysetup-job-temp-allocator-block-size=2097152"
    "memorysetup-job-temp-allocator-block-size-background=1048576"
    "memorysetup-job-temp-allocator-reduction-small-platforms=262144"
    "memorysetup-allocator-temp-initial-block-size-main=262144"
    "memorysetup-allocator-temp-initial-block-size-worker=262144"
    "memorysetup-temp-allocator-size-background-worker=32768"
    "memorysetup-temp-allocator-size-job-worker=262144"
    "memorysetup-temp-allocator-size-preload-manager=33554432"
    "memorysetup-temp-allocator-size-nav-mesh-worker=65536"
    "memorysetup-temp-allocator-size-audio-worker=65536"
    "memorysetup-temp-allocator-size-cloud-worker=32768"
    "memorysetup-temp-allocator-size-gi-baking-worker=262144"
    "memorysetup-temp-allocator-size-gfx=262144"
Player connection [140025520747520] Host "[IP] 192.168.68.74 [Port] 0 [Flags] 2 [Guid] 2931575535 [EditorId] 2931575535 [Version] 1048832 [Id] LinuxEditor(16,192.168.68.74) [Debug] 1 [PackageName] LinuxEditor [ProjectName] Editor" joined multi-casting on [225.0.0.222:54997]...

Player connection [140025520747520] Host "[IP] 192.168.68.74 [Port] 0 [Flags] 2 [Guid] 2931575535 [EditorId] 2931575535 [Version] 1048832 [Id] LinuxEditor(16,192.168.68.74) [Debug] 1 [PackageName] LinuxEditor [ProjectName] Editor" joined alternative multi-casting on [225.0.0.222:34997]...

[Physics::Module] Initialized MultithreadedJobDispatcher with 7 workers.
Refreshing native plugins compatible for Editor in 1.26 ms, found 0 plugins.
Preloading 0 native plugins for Editor in 0.00 ms.
Initialize engine version: 2022.3.22f1 (887be4894c44)
[Subsystems] Discovering subsystems at path /home/tallen/Unity/Hub/Editor/2022.3.22f1/Editor/Data/Resources/UnitySubsystems
[Subsystems] Discovering subsystems at path /home/tallen/Documents/Car-Crash-Sim/Assets
GLX Extensions: GLX_ARB_context_flush_control GLX_ARB_create_context GLX_ARB_create_context_no_error GLX_ARB_create_context_profile GLX_ARB_create_context_robustness GLX_ARB_fbconfig_float GLX_ARB_framebuffer_sRGB GLX_ARB_get_proc_address GLX_ARB_multisample GLX_EXT_buffer_age GLX_EXT_create_context_es2_profile GLX_EXT_create_context_es_profile GLX_EXT_fbconfig_packed_float GLX_EXT_framebuffer_sRGB GLX_EXT_no_config_context GLX_EXT_swap_control GLX_EXT_swap_control_tear GLX_EXT_texture_from_pixmap GLX_EXT_visual_info GLX_EXT_visual_rating GLX_MESA_copy_sub_buffer GLX_MESA_gl_interop GLX_MESA_query_renderer GLX_MESA_swap_control GLX_OML_sync_control GLX_SGIS_multisample GLX_SGIX_fbconfig GLX_SGIX_pbuffer GLX_SGIX_visual_select_group GLX_SGI_make_current_read GLX_SGI_video_sync 
Renderer: Mesa Intel(R) Xe Graphics (TGL GT2)
Vendor:   Intel
Version:  4.6 (Core Profile) Mesa 23.3.6
GLES:     0
 GL_3DFX_texture_compression_FXT1 GL_AMD_conservative_depth GL_AMD_depth_clamp_separate GL_AMD_draw_buffers_blend GL_AMD_gpu_shader_int64 GL_AMD_multi_draw_indirect GL_AMD_performance_monitor GL_AMD_pinned_memory GL_AMD_query_buffer_object GL_AMD_seamless_cubemap_per_texture GL_AMD_shader_stencil_export GL_AMD_shader_trinary_minmax GL_AMD_texture_texture4 GL_AMD_vertex_shader_layer GL_AMD_vertex_shader_viewport_index GL_ANGLE_texture_compression_dxt3 GL_ANGLE_texture_compression_dxt5 GL_ARB_ES2_compatibility GL_ARB_ES3_1_compatibility GL_ARB_ES3_2_compatibility GL_ARB_ES3_compatibility GL_ARB_arrays_of_arrays GL_ARB_base_instance GL_ARB_blend_func_extended GL_ARB_buffer_storage GL_ARB_clear_buffer_object GL_ARB_clear_texture GL_ARB_clip_control GL_ARB_compressed_texture_pixel_storage GL_ARB_compute_shader GL_ARB_compute_variable_group_size GL_ARB_conditional_render_inverted GL_ARB_conservative_depth GL_ARB_copy_buffer GL_ARB_copy_image GL_ARB_cull_distance GL_ARB_debug_output GL_ARB_depth_buffer_float GL_ARB
_depth_clamp GL_ARB_derivative_control GL_ARB_direct_state_access GL_ARB_draw_buffers GL_ARB_draw_buffers_blend GL_ARB_draw_elements_base_vertex GL_ARB_draw_indirect GL_ARB_draw_instanced GL_ARB_enhanced_layouts GL_ARB_explicit_attrib_location GL_ARB_explicit_uniform_location GL_ARB_fragment_coord_conventions GL_ARB_fragment_layer_viewport GL_ARB_fragment_shader GL_ARB_fragment_shader_interlock GL_ARB_framebuffer_no_attachments GL_ARB_framebuffer_object GL_ARB_framebuffer_sRGB GL_ARB_get_program_binary GL_ARB_get_texture_sub_image GL_ARB_gl_spirv GL_ARB_gpu_shader5 GL_ARB_gpu_shader_fp64 GL_ARB_gpu_shader_int64 GL_ARB_half_float_pixel GL_ARB_half_float_vertex GL_ARB_indirect_parameters GL_ARB_instanced_arrays GL_ARB_internalformat_query GL_ARB_internalformat_query2 GL_ARB_invalidate_subdata GL_ARB_map_buffer_alignment GL_ARB_map_buffer_range GL_ARB_multi_bind GL_ARB_multi_draw_indirect GL_ARB_occlusion_query2 GL_ARB_parallel_shader_compile GL_ARB_pipeline_statistics_query GL_ARB_pixel_buffer_object GL_ARB_po
int_sprite GL_ARB_polygon_offset_clamp GL_ARB_post_depth_coverage GL_ARB_program_interface_query GL_ARB_provoking_vertex GL_ARB_query_buffer_object GL_ARB_robust_buffer_access_behavior GL_ARB_robustness GL_ARB_sample_shading GL_ARB_sampler_objects GL_ARB_seamless_cube_map GL_ARB_seamless_cubemap_per_texture GL_ARB_separate_shader_objects GL_ARB_shader_atomic_counter_ops GL_ARB_shader_atomic_counters GL_ARB_shader_ballot GL_ARB_shader_bit_encoding GL_ARB_shader_clock GL_ARB_shader_draw_parameters GL_ARB_shader_group_vote GL_ARB_shader_image_load_store GL_ARB_shader_image_size GL_ARB_shader_objects GL_ARB_shader_precision GL_ARB_shader_stencil_export GL_ARB_shader_storage_buffer_object GL_ARB_shader_subroutine GL_ARB_shader_texture_image_samples GL_ARB_shader_texture_lod GL_ARB_shader_viewport_layer_array GL_ARB_shading_language_420pack GL_ARB_shading_language_include GL_ARB_shading_language_packing GL_ARB_spirv_extensions GL_ARB_stencil_texturing GL_ARB_sync GL_ARB_tessellation_shader GL_ARB_texture_barrier G
L_ARB_texture_border_clamp GL_ARB_texture_buffer_object GL_ARB_texture_buffer_object_rgb32 GL_ARB_texture_buffer_range GL_ARB_texture_compression_bptc GL_ARB_texture_compression_rgtc GL_ARB_texture_cube_map_array GL_ARB_texture_filter_anisotropic GL_ARB_texture_float GL_ARB_texture_gather GL_ARB_texture_mirror_clamp_to_edge GL_ARB_texture_multisample GL_ARB_texture_non_power_of_two GL_ARB_texture_query_levels GL_ARB_texture_query_lod GL_ARB_texture_rectangle GL_ARB_texture_rg GL_ARB_texture_rgb10_a2ui GL_ARB_texture_stencil8 GL_ARB_texture_storage GL_ARB_texture_storage_multisample GL_ARB_texture_swizzle GL_ARB_texture_view GL_ARB_timer_query GL_ARB_transform_feedback2 GL_ARB_transform_feedback3 GL_ARB_transform_feedback_instanced GL_ARB_transform_feedback_overflow_query GL_ARB_uniform_buffer_object GL_ARB_vertex_array_bgra GL_ARB_vertex_array_object GL_ARB_vertex_attrib_64bit GL_ARB_vertex_attrib_binding GL_ARB_vertex_buffer_object GL_ARB_vertex_shader GL_ARB_vertex_type_10f_11f_11f_rev GL_ARB_vertex_type_2
_10_10_10_rev GL_ARB_viewport_array GL_ATI_blend_equation_separate GL_ATI_texture_float GL_EXT_EGL_image_storage GL_EXT_EGL_sync GL_EXT_abgr GL_EXT_blend_equation_separate GL_EXT_debug_label GL_EXT_demote_to_helper_invocation GL_EXT_depth_bounds_test GL_EXT_draw_buffers2 GL_EXT_draw_instanced GL_EXT_framebuffer_blit GL_EXT_framebuffer_multisample GL_EXT_framebuffer_multisample_blit_scaled GL_EXT_framebuffer_object GL_EXT_framebuffer_sRGB GL_EXT_memory_object GL_EXT_memory_object_fd GL_EXT_packed_depth_stencil GL_EXT_packed_float GL_EXT_pixel_buffer_object GL_EXT_polygon_offset_clamp GL_EXT_provoking_vertex GL_EXT_semaphore GL_EXT_semaphore_fd GL_EXT_shader_framebuffer_fetch GL_EXT_shader_framebuffer_fetch_non_coherent GL_EXT_shader_integer_mix GL_EXT_shader_samples_identical GL_EXT_texture_array GL_EXT_texture_compression_dxt1 GL_EXT_texture_compression_rgtc GL_EXT_texture_compression_s3tc GL_EXT_texture_filter_anisotropic GL_EXT_texture_integer GL_EXT_texture_sRGB GL_EXT_texture_sRGB_R8 GL_EXT_texture_sRGB_
decode GL_EXT_texture_shadow_lod GL_EXT_texture_shared_exponent GL_EXT_texture_snorm GL_EXT_texture_swizzle GL_EXT_timer_query GL_EXT_transform_feedback GL_EXT_vertex_array_bgra GL_EXT_vertex_attrib_64bit GL_IBM_multimode_draw_arrays GL_INTEL_blackhole_render GL_INTEL_conservative_rasterization GL_INTEL_performance_query GL_INTEL_shader_atomic_float_minmax GL_INTEL_shader_integer_functions2 GL_KHR_blend_equation_advanced GL_KHR_blend_equation_advanced_coherent GL_KHR_context_flush_control GL_KHR_debug GL_KHR_no_error GL_KHR_parallel_shader_compile GL_KHR_robust_buffer_access_behavior GL_KHR_robustness GL_KHR_texture_compression_astc_ldr GL_KHR_texture_compression_astc_sliced_3d GL_MESA_framebuffer_flip_y GL_MESA_pack_invert GL_MESA_shader_integer_functions GL_MESA_texture_const_bandwidth GL_MESA_texture_signed_rgba GL_NV_alpha_to_coverage_dither_control GL_NV_compute_shader_derivatives GL_NV_conditional_render GL_NV_copy_image GL_NV_depth_clamp GL_NV_fragment_shader_interlock GL_NV_packed_depth_stencil GL_NV
_texture_barrier GL_OES_EGL_image GL_S3_s3tc
OPENGL LOG: Creating OpenGL 4.6 graphics device ; Context level  <OpenGL 4.5> ; Context handle -1080400240
Initialize mono
Mono path[0] = '/home/tallen/Unity/Hub/Editor/2022.3.22f1/Editor/Data/Managed'
Mono path[1] = '/home/tallen/Unity/Hub/Editor/2022.3.22f1/Editor/Data/MonoBleedingEdge/lib/mono/unityjit-linux'
Mono config path = '/home/tallen/Unity/Hub/Editor/2022.3.22f1/Editor/Data/MonoBleedingEdge/etc'
Using monoOptions --debugger-agent=transport=dt_socket,embedding=1,server=y,suspend=n,address=127.0.0.1:56423
Begin MonoManager ReloadAssembly
Registering precompiled unity dll's ...
Register platform support module: /home/tallen/Unity/Hub/Editor/2022.3.22f1/Editor/Data/PlaybackEngines/MacStandaloneSupport/UnityEditor.OSXStandalone.Extensions.dll
Register platform support module: /home/tallen/Unity/Hub/Editor/2022.3.22f1/Editor/Data/PlaybackEngines/AndroidPlayer/UnityEditor.Android.Extensions.dll
Register platform support module: /home/tallen/Unity/Hub/Editor/2022.3.22f1/Editor/Data/PlaybackEngines/WindowsStandaloneSupport/UnityEditor.WindowsStandalone.Extensions.dll
Register platform support module: /home/tallen/Unity/Hub/Editor/2022.3.22f1/Editor/Data/PlaybackEngines/LinuxStandaloneSupport/UnityEditor.LinuxStandalone.Extensions.dll
Registered in 0.008244 seconds.
- Loaded All Assemblies, in  0.291 seconds
Native extension for LinuxStandalone target not found
Native extension for WindowsStandalone target not found
Native extension for Android target not found
Android Extension - Scanning For ADB Devices 106 ms
Native extension for OSXStandalone target not found
Mono: successfully reloaded assembly
- Finished resetting the current domain, in  0.469 seconds
Domain Reload Profiling: 760ms
	BeginReloadAssembly (64ms)
		ExecutionOrderSort (0ms)
		DisableScriptedObjects (0ms)
		BackupInstance (0ms)
		ReleaseScriptingObjects (0ms)
		CreateAndSetChildDomain (1ms)
	RebuildCommonClasses (31ms)
	RebuildNativeTypeToScriptingClass (6ms)
	initialDomainReloadingComplete (56ms)
	LoadAllAssembliesAndSetupDomain (134ms)
		LoadAssemblies (63ms)
		RebuildTransferFunctionScriptingTraits (0ms)
		AnalyzeDomain (132ms)
			TypeCache.Refresh (131ms)
				TypeCache.ScanAssembly (119ms)
			ScanForSourceGeneratedMonoScriptInfo (0ms)
			ResolveRequiredComponents (0ms)
	FinalizeReload (469ms)
		ReleaseScriptCaches (0ms)
		RebuildScriptCaches (0ms)
		SetupLoadedEditorAssemblies (416ms)
			LogAssemblyErrors (0ms)
			InitializePlatformSupportModulesInManaged (263ms)
			SetLoadedEditorAssemblies (4ms)
			RefreshPlugins (0ms)
			BeforeProcessingInitializeOnLoad (2ms)
			ProcessInitializeOnLoadAttributes (105ms)
			ProcessInitializeOnLoadMethodAttributes (42ms)
			AfterProcessingInitializeOnLoad (0ms)
			EditorAssembliesLoaded (0ms)
		ExecutionOrderSort2 (0ms)
		AwakeInstancesAfterBackupRestoration (0ms)
========================================================================
Worker process is ready to serve import requests
Begin MonoManager ReloadAssembly
- Loaded All Assemblies, in  0.467 seconds
Refreshing native plugins compatible for Editor in 0.73 ms, found 0 plugins.
Native extension for LinuxStandalone target not found
Native extension for WindowsStandalone target not found
Native extension for Android target not found
Native extension for OSXStandalone target not found
Package Manager log level set to [2]
[Package Manager] Server::EnsureServerProcessIsRunning -- launch failed, reason: Unity was launched with the -noUpm command-line argument
[Package Manager] UpmClient::Send -- Unable to send message (not connected to UPM process).
[Package Manager] Cannot connect to Unity Package Manager local server
Mono: successfully reloaded assembly
- Finished resetting the current domain, in  0.690 seconds
Domain Reload Profiling: 1157ms
	BeginReloadAssembly (103ms)
		ExecutionOrderSort (0ms)
		DisableScriptedObjects (5ms)
		BackupInstance (0ms)
		ReleaseScriptingObjects (0ms)
		CreateAndSetChildDomain (23ms)
	RebuildCommonClasses (31ms)
	RebuildNativeTypeToScriptingClass (6ms)
	initialDomainReloadingComplete (39ms)
	LoadAllAssembliesAndSetupDomain (286ms)
		LoadAssemblies (190ms)
		RebuildTransferFunctionScriptingTraits (0ms)
		AnalyzeDomain (145ms)
			TypeCache.Refresh (126ms)
				TypeCache.ScanAssembly (111ms)
			ScanForSourceGeneratedMonoScriptInfo (14ms)
			ResolveRequiredComponents (4ms)
	FinalizeReload (691ms)
		ReleaseScriptCaches (0ms)
		RebuildScriptCaches (0ms)
		SetupLoadedEditorAssemblies (492ms)
			LogAssemblyErrors (0ms)
			InitializePlatformSupportModulesInManaged (60ms)
			SetLoadedEditorAssemblies (3ms)
			RefreshPlugins (0ms)
			BeforeProcessingInitializeOnLoad (46ms)
			ProcessInitializeOnLoadAttributes (347ms)
			ProcessInitializeOnLoadMethodAttributes (31ms)
			AfterProcessingInitializeOnLoad (4ms)
			EditorAssembliesLoaded (1ms)
		ExecutionOrderSort2 (0ms)
		AwakeInstancesAfterBackupRestoration (4ms)
Launched and connected shader compiler UnityShaderCompiler after 0.01 seconds
Refreshing native plugins compatible for Editor in 1.07 ms, found 0 plugins.
Preloading 0 native plugins for Editor in 0.00 ms.
Unloading 2250 Unused Serialized files (Serialized files now loaded: 0)
Unloading 53 unused Assets / (1.9 MB). Loaded Objects now: 2727.
Memory consumption went from 133.9 MB to 132.0 MB.
Total: 6.296764 ms (FindLiveObjects: 0.250518 ms CreateObjectMapping: 0.128993 ms MarkObjects: 4.400995 ms  DeleteObjects: 1.512952 ms)

AssetImportParameters requested are different than current active one (requested -> active):
  custom:video-decoder-webm-vp8: 9c59270c3fd7afecdb556c50c9e8de78 -> 
  custom:SearchIndexIgnoredProperties: e643bd26f0fe6173181afceb89e7c659 -> 
  custom:container-demuxer-ogg: 62fdf1f143b41e24485cea50d1cbac27 -> 
  custom:AudioImporter_EditorPlatform: 2f0ff77a95e0ac474e3e8eeba4e2f7cb -> 
  custom:video-decoder-ogg-theora: a1e56fd34408186e4bbccfd4996cb3dc -> 
  custom:video-encoder-webm-vp8: eb34c28f22e8b96e1ab97ce403110664 -> 
  custom:audio-decoder-ogg-vorbis: bf7c407c2cedff20999df2af8eb42d56 -> 
  custom:CustomObjectIndexerAttribute: 232f87dd983dbecb2a4e21e08eb2cef8 -> 
  custom:container-demuxer-webm: 4f35f7cbe854078d1ac9338744f61a02 -> 
  custom:audio-encoder-webm-vorbis: bf7c407c2cedff20999df2af8eb42d56 -> 
  custom:container-muxer-webm: aa71ff27fc2769a1b78a27578f13a17b -> 
========================================================================
Received Import Request.
  Time since last request: 8469.736660 seconds.
  path: Assets/materials/dust.mat
  artifactKey: Guid(cc41f879b385f40e183ccfe03de37fd5) Importer(815301076,1909f56bfc062723c751e8b465ee728b)
Start importing Assets/materials/dust.mat using Guid(cc41f879b385f40e183ccfe03de37fd5) Importer(815301076,1909f56bfc062723c751e8b465ee728b)  -> (artifact id: '28bb2302cb17753e9321e2ab79936635') in 0.071821 seconds
Number of updated asset objects reloaded before import = 0
Number of asset objects unloaded after import = 1
========================================================================
Received Import Request.
  Time since last request: 8.936305 seconds.
  path: Assets/materials/floor/floor.physicMaterial
  artifactKey: Guid(e479962c88cf55a4d90ab4325b24b901) Importer(815301076,1909f56bfc062723c751e8b465ee728b)
Start importing Assets/materials/floor/floor.physicMaterial using Guid(e479962c88cf55a4d90ab4325b24b901) Importer(815301076,1909f56bfc062723c751e8b465ee728b)  -> (artifact id: '8d63da77df14160160ef070385a4b01e') in 0.000680 seconds
Number of updated asset objects reloaded before import = 0
Number of asset objects unloaded after import = 1
========================================================================
Received Import Request.
  Time since last request: 1.784404 seconds.
  path: Assets/materials/Skyboxes
  artifactKey: Guid(025fd29ead61d6f6bb913cb9200512c8) Importer(815301076,1909f56bfc062723c751e8b465ee728b)
Start importing Assets/materials/Skyboxes using Guid(025fd29ead61d6f6bb913cb9200512c8) Importer(815301076,1909f56bfc062723c751e8b465ee728b)  -> (artifact id: '1b351bc19db8e4177e68418660e22d62') in 0.000320 seconds
Number of updated asset objects reloaded before import = 0
Number of asset objects unloaded after import = 0
========================================================================
Received Import Request.
  Time since last request: 0.839055 seconds.
  path: Assets/materials/Skyboxes/skybox
  artifactKey: Guid(350332a0b0c2ffd0e86e67e82c611580) Importer(815301076,1909f56bfc062723c751e8b465ee728b)
Start importing Assets/materials/Skyboxes/skybox using Guid(350332a0b0c2ffd0e86e67e82c611580) Importer(815301076,1909f56bfc062723c751e8b465ee728b)  -> (artifact id: '5c1e044fb9374c9b18f98b02ccf057fc') in 0.000323 seconds
Number of updated asset objects reloaded before import = 0
Number of asset objects unloaded after import = 0
========================================================================
Received Import Request.
  Time since last request: 0.061819 seconds.
  path: Assets/materials/Skyboxes/skybox/back.png
  artifactKey: Guid(33e13eb1036f88fe99935f6d302c2965) Importer(815301076,1909f56bfc062723c751e8b465ee728b)
Start importing Assets/materials/Skyboxes/skybox/back.png using Guid(33e13eb1036f88fe99935f6d302c2965) Importer(815301076,1909f56bfc062723c751e8b465ee728b)  -> (artifact id: 'b3aa42155cadd8c3eb88975e7f742b66') in 0.026998 seconds
Number of updated asset objects reloaded before import = 0
Number of asset objects unloaded after import = 2
========================================================================
Received Import Request.
  Time since last request: 0.000021 seconds.
  path: Assets/materials/Skyboxes/skybox/right.png
  artifactKey: Guid(8f3b61d0674e4e0f89e60f89b777f090) Importer(815301076,1909f56bfc062723c751e8b465ee728b)
Start importing Assets/materials/Skyboxes/skybox/right.png using Guid(8f3b61d0674e4e0f89e60f89b777f090) Importer(815301076,1909f56bfc062723c751e8b465ee728b)  -> (artifact id: '191bc2d27e73767a9e4f530a9705114d') in 0.012824 seconds
Number of updated asset objects reloaded before import = 0
Number of asset objects unloaded after import = 2
========================================================================
Received Import Request.
  Time since last request: 0.000014 seconds.
  path: Assets/materials/Skyboxes/skybox/top.png
  artifactKey: Guid(1dc8e31b4d90e2667ab25bd75cf337f0) Importer(815301076,1909f56bfc062723c751e8b465ee728b)
Start importing Assets/materials/Skyboxes/skybox/top.png using Guid(1dc8e31b4d90e2667ab25bd75cf337f0) Importer(815301076,1909f56bfc062723c751e8b465ee728b)  -> (artifact id: '7219afbb0ca41108eda3a85f4cab3170') in 0.010426 seconds
Number of updated asset objects reloaded before import = 0
Number of asset objects unloaded after import = 2
========================================================================
Received Import Request.
  Time since last request: 0.000042 seconds.
  path: Assets/materials/Skyboxes/skybox/cubemap.png
  artifactKey: Guid(1169d3d0da0ce806ea0cc846e661a52b) Importer(815301076,1909f56bfc062723c751e8b465ee728b)
Start importing Assets/materials/Skyboxes/skybox/cubemap.png using Guid(1169d3d0da0ce806ea0cc846e661a52b) Importer(815301076,1909f56bfc062723c751e8b465ee728b)  -> (artifact id: '060edbc7a9d266168390315e66dd9b73') in 0.017397 seconds
Number of updated asset objects reloaded before import = 0
Number of asset objects unloaded after import = 2
========================================================================
Received Import Request.
  Time since last request: 7.720920 seconds.
  path: Assets/materials/Tires/Phys.physicMaterial
  artifactKey: Guid(94cb2eaa1c874b54daeeed4c7cfec644) Importer(815301076,1909f56bfc062723c751e8b465ee728b)
Start importing Assets/materials/Tires/Phys.physicMaterial using Guid(94cb2eaa1c874b54daeeed4c7cfec644) Importer(815301076,1909f56bfc062723c751e8b465ee728b)  -> (artifact id: '09fbd082818885d9bf8245bfbbfb6864') in 0.000547 seconds
Number of updated asset objects reloaded before import = 0
Number of asset objects unloaded after import = 1
========================================================================
Received Import Request.
  Time since last request: 2.955482 seconds.
  path: Assets/Textures/Tire.mat
  artifactKey: Guid(342ca4c0d18ff5e47bf4448ce06cef25) Importer(815301076,1909f56bfc062723c751e8b465ee728b)
Start importing Assets/Textures/Tire.mat using Guid(342ca4c0d18ff5e47bf4448ce06cef25) Importer(815301076,1909f56bfc062723c751e8b465ee728b)  -> (artifact id: 'd2c10bfd7acb78ec4f07226c8adae319') in 0.012082 seconds
Number of updated asset objects reloaded before import = 0
Number of asset objects unloaded after import = 1
========================================================================
Received Import Request.
  Time since last request: 4.921319 seconds.
  path: Assets/Textures/UI
  artifactKey: Guid(d2bc10c31436474eebbc76886757077e) Importer(815301076,1909f56bfc062723c751e8b465ee728b)
Start importing Assets/Textures/UI using Guid(d2bc10c31436474eebbc76886757077e) Importer(815301076,1909f56bfc062723c751e8b465ee728b)  -> (artifact id: 'fe2551705ad1e92245c9f8ce52db5859') in 0.000345 seconds
Number of updated asset objects reloaded before import = 0
Number of asset objects unloaded after import = 0
========================================================================
Received Import Request.
  Time since last request: 0.068970 seconds.
  path: Assets/Textures/UI/buttons.png
  artifactKey: Guid(cd3de584eb63e8f20b6ad2859dc3a9b9) Importer(815301076,1909f56bfc062723c751e8b465ee728b)
Start importing Assets/Textures/UI/buttons.png using Guid(cd3de584eb63e8f20b6ad2859dc3a9b9) Importer(815301076,1909f56bfc062723c751e8b465ee728b)  -> (artifact id: '6a8b6bef5c6ce26cd6ad787c2ce74f8a') in 0.004259 seconds
Number of updated asset objects reloaded before import = 0
Number of asset objects unloaded after import = 2
========================================================================
Received Import Request.
  Time since last request: 1.905246 seconds.
  path: Assets/Textures/Skyboxes
  artifactKey: Guid(18c5cfeb16a4e0f4382b410a6a82ca36) Importer(815301076,1909f56bfc062723c751e8b465ee728b)
Start importing Assets/Textures/Skyboxes using Guid(18c5cfeb16a4e0f4382b410a6a82ca36) Importer(815301076,1909f56bfc062723c751e8b465ee728b)  -> (artifact id: '680c4c4c0d01a22db1cc6989bbe0e7f9') in 0.000451 seconds
Number of updated asset objects reloaded before import = 0
Number of asset objects unloaded after import = 0
========================================================================
Received Import Request.
  Time since last request: 0.950477 seconds.
  path: Assets/Textures/Skyboxes/Sky_Night
  artifactKey: Guid(7f1b28d622387f6338c2e0c23f7f2c3c) Importer(815301076,1909f56bfc062723c751e8b465ee728b)
Start importing Assets/Textures/Skyboxes/Sky_Night using Guid(7f1b28d622387f6338c2e0c23f7f2c3c) Importer(815301076,1909f56bfc062723c751e8b465ee728b)  -> (artifact id: '43c307c4e64511202e93ed238cb875c4') in 0.000420 seconds
Number of updated asset objects reloaded before import = 0
Number of asset objects unloaded after import = 0
========================================================================
Received Import Request.
  Time since last request: 0.075480 seconds.
  path: Assets/Textures/Skyboxes/Sky_Night/back.png
  artifactKey: Guid(57be7bbb2b183d13fbbd6ec6f74cf48b) Importer(815301076,1909f56bfc062723c751e8b465ee728b)
Start importing Assets/Textures/Skyboxes/Sky_Night/back.png using Guid(57be7bbb2b183d13fbbd6ec6f74cf48b) Importer(815301076,1909f56bfc062723c751e8b465ee728b)  -> (artifact id: '0075be68822d967a32910d670455402d') in 0.007454 seconds
Number of updated asset objects reloaded before import = 0
Number of asset objects unloaded after import = 2
========================================================================
Received Import Request.
  Time since last request: 0.000013 seconds.
  path: Assets/Textures/Skyboxes/Sky_Night/front.png
  artifactKey: Guid(c792d2ef949c6d185b0e3d20700a7b55) Importer(815301076,1909f56bfc062723c751e8b465ee728b)
Start importing Assets/Textures/Skyboxes/Sky_Night/front.png using Guid(c792d2ef949c6d185b0e3d20700a7b55) Importer(815301076,1909f56bfc062723c751e8b465ee728b)  -> (artifact id: '60eb6673dc4818ba19adf38cfb155ccd') in 0.011449 seconds
Number of updated asset objects reloaded before import = 0
Number of asset objects unloaded after import = 2
========================================================================
Received Import Request.
  Time since last request: 0.000017 seconds.
  path: Assets/Textures/Skyboxes/Sky_Night/right.png
  artifactKey: Guid(179f562799e311fef932de3b7f40b4ef) Importer(815301076,1909f56bfc062723c751e8b465ee728b)
Start importing Assets/Textures/Skyboxes/Sky_Night/right.png using Guid(179f562799e311fef932de3b7f40b4ef) Importer(815301076,1909f56bfc062723c751e8b465ee728b)  -> (artifact id: '7b8a7f48991509920d8418d7acabb62c') in 0.007103 seconds
Number of updated asset objects reloaded before import = 0
Number of asset objects unloaded after import = 2
========================================================================
Received Import Request.
  Time since last request: 0.000024 seconds.
  path: Assets/Textures/Skyboxes/Sky_Night/left.png
  artifactKey: Guid(4050642c4800de5f48086a86f42a9f08) Importer(815301076,1909f56bfc062723c751e8b465ee728b)
Start importing Assets/Textures/Skyboxes/Sky_Night/left.png using Guid(4050642c4800de5f48086a86f42a9f08) Importer(815301076,1909f56bfc062723c751e8b465ee728b)  -> (artifact id: '7c884b446f28f7a486d1513cc30f37c9') in 0.010380 seconds
Number of updated asset objects reloaded before import = 0
Number of asset objects unloaded after import = 2
========================================================================
Received Import Request.
  Time since last request: 0.000016 seconds.
  path: Assets/Textures/Skyboxes/Sky_Night/top.png
  artifactKey: Guid(e34c8b3a623cb35c585f41f1ce62ed9b) Importer(815301076,1909f56bfc062723c751e8b465ee728b)
Start importing Assets/Textures/Skyboxes/Sky_Night/top.png using Guid(e34c8b3a623cb35c585f41f1ce62ed9b) Importer(815301076,1909f56bfc062723c751e8b465ee728b)  -> (artifact id: '9709203052850b37b2f6db8777c39505') in 0.006528 seconds
Number of updated asset objects reloaded before import = 0
Number of asset objects unloaded after import = 2
========================================================================
Received Import Request.
  Time since last request: 1.727472 seconds.
  path: Assets/Textures/Prototypes/NewBrush.brush
  artifactKey: Guid(39787a4ee1c9906a284933d54e13bb4d) Importer(815301076,1909f56bfc062723c751e8b465ee728b)
Start importing Assets/Textures/Prototypes/NewBrush.brush using Guid(39787a4ee1c9906a284933d54e13bb4d) Importer(815301076,1909f56bfc062723c751e8b465ee728b)  -> (artifact id: '9cf98606a3550eebf0de7e85782c7d26') in 0.007642 seconds
Number of updated asset objects reloaded before import = 0
Number of asset objects unloaded after import = 2
========================================================================
Received Import Request.
  Time since last request: 0.000019 seconds.
  path: Assets/Textures/Prototypes/prototype_512x512_pink.png
  artifactKey: Guid(d2611c44a9e071b889e8aa15104ae090) Importer(815301076,1909f56bfc062723c751e8b465ee728b)
Start importing Assets/Textures/Prototypes/prototype_512x512_pink.png using Guid(d2611c44a9e071b889e8aa15104ae090) Importer(815301076,1909f56bfc062723c751e8b465ee728b)  -> (artifact id: '38ad5d5b1ae743b5bea042e95d36b351') in 0.004972 seconds
Number of updated asset objects reloaded before import = 0
Number of asset objects unloaded after import = 2
========================================================================
Received Import Request.
  Time since last request: 0.000013 seconds.
  path: Assets/Textures/Prototypes/prototype_512x512_yellow.png
  artifactKey: Guid(98770686a2f3578bb89fcd4da0ffdc04) Importer(815301076,1909f56bfc062723c751e8b465ee728b)
Start importing Assets/Textures/Prototypes/prototype_512x512_yellow.png using Guid(98770686a2f3578bb89fcd4da0ffdc04) Importer(815301076,1909f56bfc062723c751e8b465ee728b)  -> (artifact id: 'a5e1d39d3c8fad0867a0f7f3c94b5f95') in 0.008746 seconds
Number of updated asset objects reloaded before import = 0
Number of asset objects unloaded after import = 2
========================================================================
Received Import Request.
  Time since last request: 0.000035 seconds.
  path: Assets/Textures/Prototypes/prototype_512x512_cyan.png
  artifactKey: Guid(4afe46084e74a9333b396f39eff412c4) Importer(815301076,1909f56bfc062723c751e8b465ee728b)
Start importing Assets/Textures/Prototypes/prototype_512x512_cyan.png using Guid(4afe46084e74a9333b396f39eff412c4) Importer(815301076,1909f56bfc062723c751e8b465ee728b)  -> (artifact id: '7efc729c7946dfcafdeae2a7f51bfecb') in 0.005732 seconds
Number of updated asset objects reloaded before import = 0
Number of asset objects unloaded after import = 2
========================================================================
Received Import Request.
  Time since last request: 0.000050 seconds.
  path: Assets/Textures/Prototypes/prototype_512x512_blue3.png
  artifactKey: Guid(55b608f15cc366199b5f406404e2d7ed) Importer(815301076,1909f56bfc062723c751e8b465ee728b)
Start importing Assets/Textures/Prototypes/prototype_512x512_blue3.png using Guid(55b608f15cc366199b5f406404e2d7ed) Importer(815301076,1909f56bfc062723c751e8b465ee728b)  -> (artifact id: '025434c15e68adbb16aef147666fb6dd') in 0.009484 seconds
Number of updated asset objects reloaded before import = 0
Number of asset objects unloaded after import = 2
========================================================================
Received Import Request.
  Time since last request: 0.000021 seconds.
  path: Assets/Textures/Prototypes/prototype_512x512_orange.png
  artifactKey: Guid(4116e8f7cce3d2a5e9f30156f4e16e33) Importer(815301076,1909f56bfc062723c751e8b465ee728b)
Start importing Assets/Textures/Prototypes/prototype_512x512_orange.png using Guid(4116e8f7cce3d2a5e9f30156f4e16e33) Importer(815301076,1909f56bfc062723c751e8b465ee728b)  -> (artifact id: 'f4394555fb2099c07303e70c836590c3') in 0.005855 seconds
Number of updated asset objects reloaded before import = 0
Number of asset objects unloaded after import = 2
========================================================================
Received Import Request.
  Time since last request: 0.000014 seconds.
  path: Assets/Textures/Prototypes/snow.mat
  artifactKey: Guid(213e7a33686a8f594afb67f31619d1f1) Importer(815301076,1909f56bfc062723c751e8b465ee728b)
Start importing Assets/Textures/Prototypes/snow.mat using Guid(213e7a33686a8f594afb67f31619d1f1) Importer(815301076,1909f56bfc062723c751e8b465ee728b)  -> (artifact id: 'baa9cff0f06722ebe3e2a62c870fa37a') in 0.006640 seconds
Number of updated asset objects reloaded before import = 0
Number of asset objects unloaded after import = 1
========================================================================
Received Import Request.
  Time since last request: 0.000022 seconds.
  path: Assets/Textures/Prototypes/prototype_512x512_purple.png
  artifactKey: Guid(45671064f46f20bb1aada30412a9e86e) Importer(815301076,1909f56bfc062723c751e8b465ee728b)
Start importing Assets/Textures/Prototypes/prototype_512x512_purple.png using Guid(45671064f46f20bb1aada30412a9e86e) Importer(815301076,1909f56bfc062723c751e8b465ee728b)  -> (artifact id: 'e32ad02f81e23a7d85625f829dd920a2') in 0.005233 seconds
Number of updated asset objects reloaded before import = 0
Number of asset objects unloaded after import = 2
========================================================================
Received Import Request.
  Time since last request: 0.000021 seconds.
  path: Assets/Textures/Prototypes/prototype_512x512_red.png
  artifactKey: Guid(ca5505fd14e40a9b4ae22a617233c715) Importer(815301076,1909f56bfc062723c751e8b465ee728b)
Start importing Assets/Textures/Prototypes/prototype_512x512_red.png using Guid(ca5505fd14e40a9b4ae22a617233c715) Importer(815301076,1909f56bfc062723c751e8b465ee728b)  -> (artifact id: '706658f39ddfd4973f1752754e671ee7') in 0.003990 seconds
Number of updated asset objects reloaded before import = 0
Number of asset objects unloaded after import = 2
========================================================================
Received Import Request.
  Time since last request: 0.000196 seconds.
  path: Assets/Textures/Prototypes/prototype_512x512_grey2.png
  artifactKey: Guid(9c2c58c7ffe21fcaf90f2882efd7f4d2) Importer(815301076,1909f56bfc062723c751e8b465ee728b)
Start importing Assets/Textures/Prototypes/prototype_512x512_grey2.png using Guid(9c2c58c7ffe21fcaf90f2882efd7f4d2) Importer(815301076,1909f56bfc062723c751e8b465ee728b)  -> (artifact id: '201013a6079438159fb7b0139925050d') in 0.008720 seconds
Number of updated asset objects reloaded before import = 0
Number of asset objects unloaded after import = 2
========================================================================
Received Import Request.
  Time since last request: 0.000032 seconds.
  path: Assets/Textures/Prototypes/prototype_512x512_grey3.png
  artifactKey: Guid(6ee3cfddc5cda88debe9243cbca67b32) Importer(815301076,1909f56bfc062723c751e8b465ee728b)
Start importing Assets/Textures/Prototypes/prototype_512x512_grey3.png using Guid(6ee3cfddc5cda88debe9243cbca67b32) Importer(815301076,1909f56bfc062723c751e8b465ee728b)  -> (artifact id: '0b92eb813559ec8a436b463e8cd15f33') in 0.007578 seconds
Number of updated asset objects reloaded before import = 0
Number of asset objects unloaded after import = 2
========================================================================
Received Import Request.
  Time since last request: 0.000028 seconds.
  path: Assets/Textures/Prototypes/prototype_512x512_magenta.png
  artifactKey: Guid(8263b9f262930de46964150503c5d12b) Importer(815301076,1909f56bfc062723c751e8b465ee728b)
Start importing Assets/Textures/Prototypes/prototype_512x512_magenta.png using Guid(8263b9f262930de46964150503c5d12b) Importer(815301076,1909f56bfc062723c751e8b465ee728b)  -> (artifact id: '72da180525d104736154d11d55f45f86') in 0.004852 seconds
Number of updated asset objects reloaded before import = 0
Number of asset objects unloaded after import = 2
========================================================================
Received Import Request.
  Time since last request: 4.970081 seconds.
  path: Assets/Textures/Prototypes/Materials/prototype_512x512_blue2.mat
  artifactKey: Guid(3d69961b6d485b1169fd3703dd61f892) Importer(815301076,1909f56bfc062723c751e8b465ee728b)
Start importing Assets/Textures/Prototypes/Materials/prototype_512x512_blue2.mat using Guid(3d69961b6d485b1169fd3703dd61f892) Importer(815301076,1909f56bfc062723c751e8b465ee728b)  -> (artifact id: '594af785dacffe0af1352261ca5a42c9') in 0.006425 seconds
Number of updated asset objects reloaded before import = 0
Number of asset objects unloaded after import = 2
========================================================================
Received Import Request.
  Time since last request: 0.000021 seconds.
  path: Assets/Textures/Prototypes/Materials/prototype_512x512_orange.mat
  artifactKey: Guid(72d9528b25d89eae6b180ff18f0afa3c) Importer(815301076,1909f56bfc062723c751e8b465ee728b)
Start importing Assets/Textures/Prototypes/Materials/prototype_512x512_orange.mat using Guid(72d9528b25d89eae6b180ff18f0afa3c) Importer(815301076,1909f56bfc062723c751e8b465ee728b)  -> (artifact id: '7dcc90ab09d474530844f5d7545b907d') in 0.006270 seconds
Number of updated asset objects reloaded before import = 0
Number of asset objects unloaded after import = 2
========================================================================
Received Import Request.
  Time since last request: 0.000021 seconds.
  path: Assets/Textures/Prototypes/Materials/prototype_512x512_normal.mat
  artifactKey: Guid(54e338b83731ab558aa6f38da96ddfe4) Importer(815301076,1909f56bfc062723c751e8b465ee728b)
Start importing Assets/Textures/Prototypes/Materials/prototype_512x512_normal.mat using Guid(54e338b83731ab558aa6f38da96ddfe4) Importer(815301076,1909f56bfc062723c751e8b465ee728b)  -> (artifact id: 'fd82717ac29156f661784fed1bd683de') in 0.006260 seconds
Number of updated asset objects reloaded before import = 0
Number of asset objects unloaded after import = 2
========================================================================
Received Import Request.
  Time since last request: 0.000018 seconds.
  path: Assets/Textures/Prototypes/Materials/prototype_512x512_brown.mat
  artifactKey: Guid(5f6046334be2f26918ed03838f2e378f) Importer(815301076,1909f56bfc062723c751e8b465ee728b)
Start importing Assets/Textures/Prototypes/Materials/prototype_512x512_brown.mat using Guid(5f6046334be2f26918ed03838f2e378f) Importer(815301076,1909f56bfc062723c751e8b465ee728b)  -> (artifact id: '3919013e2618263d428def28eb37938c') in 0.009184 seconds
Number of updated asset objects reloaded before import = 0
Number of asset objects unloaded after import = 2
========================================================================
Received Import Request.
  Time since last request: 0.000076 seconds.
  path: Assets/Textures/Prototypes/Materials/prototype_512x512_magenta.mat
  artifactKey: Guid(801531ef6486dae66a14e9c6c91203f4) Importer(815301076,1909f56bfc062723c751e8b465ee728b)
Start importing Assets/Textures/Prototypes/Materials/prototype_512x512_magenta.mat using Guid(801531ef6486dae66a14e9c6c91203f4) Importer(815301076,1909f56bfc062723c751e8b465ee728b)  -> (artifact id: '6c728a12cc3131df9088d122b921df80') in 0.004334 seconds
Number of updated asset objects reloaded before import = 0
Number of asset objects unloaded after import = 2
========================================================================
Received Import Request.
  Time since last request: 0.000013 seconds.
  path: Assets/Textures/Prototypes/Materials/prototype_512x512_olive.mat
  artifactKey: Guid(f3691828a14629935b3d721eab271180) Importer(815301076,1909f56bfc062723c751e8b465ee728b)
Start importing Assets/Textures/Prototypes/Materials/prototype_512x512_olive.mat using Guid(f3691828a14629935b3d721eab271180) Importer(815301076,1909f56bfc062723c751e8b465ee728b)  -> (artifact id: 'bc1312df480113c8218cf431ddf11231') in 0.003573 seconds
Number of updated asset objects reloaded before import = 0
Number of asset objects unloaded after import = 2
========================================================================
Received Import Request.
  Time since last request: 0.000019 seconds.
  path: Assets/Textures/Prototypes/Materials/prototype_512x512_green1.mat
  artifactKey: Guid(32c2f7d87cb968b3297b5c03463509b4) Importer(815301076,1909f56bfc062723c751e8b465ee728b)
Start importing Assets/Textures/Prototypes/Materials/prototype_512x512_green1.mat using Guid(32c2f7d87cb968b3297b5c03463509b4) Importer(815301076,1909f56bfc062723c751e8b465ee728b)  -> (artifact id: '7deaa004bac2e2dda1f33cea9ce61804') in 0.003917 seconds
Number of updated asset objects reloaded before import = 0
Number of asset objects unloaded after import = 2
========================================================================
Received Import Request.
  Time since last request: 19.297342 seconds.
  path: Assets/DigitalKonstrukt/Prototyping_Pack_Free/Resources/Prefabs/PTK_Tunnel.prefab
  artifactKey: Guid(fec82ffc1d9b9a54b9d7815dc89c9b67) Importer(815301076,1909f56bfc062723c751e8b465ee728b)
Start importing Assets/DigitalKonstrukt/Prototyping_Pack_Free/Resources/Prefabs/PTK_Tunnel.prefab using Guid(fec82ffc1d9b9a54b9d7815dc89c9b67) Importer(815301076,1909f56bfc062723c751e8b465ee728b)  -> (artifact id: 'e7d3f489b35df36898590fc7a17e29ec') in 0.006308 seconds
Number of updated asset objects reloaded before import = 0
Number of asset objects unloaded after import = 6
========================================================================
Received Import Request.
  Time since last request: 3.378205 seconds.
  path: Assets/DigitalKonstrukt/Prototyping_Pack_Free/Resources/Materials
  artifactKey: Guid(5dd0ab171fa873f49af4e44f65d97d8d) Importer(815301076,1909f56bfc062723c751e8b465ee728b)
Start importing Assets/DigitalKonstrukt/Prototyping_Pack_Free/Resources/Materials using Guid(5dd0ab171fa873f49af4e44f65d97d8d) Importer(815301076,1909f56bfc062723c751e8b465ee728b)  -> (artifact id: '0a17cc1ec1f28cfe2d1352acf897035b') in 0.000498 seconds
Number of updated asset objects reloaded before import = 0
Number of asset objects unloaded after import = 0
========================================================================
Received Import Request.
  Time since last request: 0.036662 seconds.
  path: Assets/DigitalKonstrukt/Prototyping_Pack_Free/Resources/Materials/Prototyp_Material_1.mat
  artifactKey: Guid(774fb2efcf5a06e4ebb09ced855a11c1) Importer(815301076,1909f56bfc062723c751e8b465ee728b)
Start importing Assets/DigitalKonstrukt/Prototyping_Pack_Free/Resources/Materials/Prototyp_Material_1.mat using Guid(774fb2efcf5a06e4ebb09ced855a11c1) Importer(815301076,1909f56bfc062723c751e8b465ee728b)  -> (artifact id: 'b1c3ea542359d9ac9e9ee4b537f25dc5') in 0.005046 seconds
Number of updated asset objects reloaded before import = 0
Number of asset objects unloaded after import = 2
========================================================================
Received Import Request.
  Time since last request: 0.000020 seconds.
  path: Assets/DigitalKonstrukt/Prototyping_Pack_Free/Resources/Materials/Prototyp_Material_4.mat
  artifactKey: Guid(3e9b40bb243ad504dbf2adbd0918b9f5) Importer(815301076,1909f56bfc062723c751e8b465ee728b)
Start importing Assets/DigitalKonstrukt/Prototyping_Pack_Free/Resources/Materials/Prototyp_Material_4.mat using Guid(3e9b40bb243ad504dbf2adbd0918b9f5) Importer(815301076,1909f56bfc062723c751e8b465ee728b)  -> (artifact id: '6933d4f6438135911026e1406822cbe1') in 0.003793 seconds
Number of updated asset objects reloaded before import = 0
Number of asset objects unloaded after import = 2
========================================================================
Received Import Request.
  Time since last request: 0.000020 seconds.
  path: Assets/DigitalKonstrukt/Prototyping_Pack_Free/Resources/Materials/Prototyp_Material_7.mat
  artifactKey: Guid(1d995df76d244df4eafb5a026363c584) Importer(815301076,1909f56bfc062723c751e8b465ee728b)
Start importing Assets/DigitalKonstrukt/Prototyping_Pack_Free/Resources/Materials/Prototyp_Material_7.mat using Guid(1d995df76d244df4eafb5a026363c584) Importer(815301076,1909f56bfc062723c751e8b465ee728b)  -> (artifact id: 'f3fc807ff3e29e7baef0d4c00f4e15b8') in 0.007991 seconds
Number of updated asset objects reloaded before import = 0
Number of asset objects unloaded after import = 2
========================================================================
Received Import Request.
  Time since last request: 0.000022 seconds.
  path: Assets/DigitalKonstrukt/Prototyping_Pack_Free/Resources/Materials/Prototyp_Material_3.mat
  artifactKey: Guid(420df58d3076a034094d7f2662b5b1de) Importer(815301076,1909f56bfc062723c751e8b465ee728b)
Start importing Assets/DigitalKonstrukt/Prototyping_Pack_Free/Resources/Materials/Prototyp_Material_3.mat using Guid(420df58d3076a034094d7f2662b5b1de) Importer(815301076,1909f56bfc062723c751e8b465ee728b)  -> (artifact id: '4d3ea033f18d726c4b47eec6066ee14e') in 0.006950 seconds
Number of updated asset objects reloaded before import = 0
Number of asset objects unloaded after import = 2
========================================================================
Received Import Request.
  Time since last request: 0.000022 seconds.
  path: Assets/DigitalKonstrukt/Prototyping_Pack_Free/Resources/Materials/Prototyp_Material_6.mat
  artifactKey: Guid(c56b206169d606441bc20e1a416560ce) Importer(815301076,1909f56bfc062723c751e8b465ee728b)
Start importing Assets/DigitalKonstrukt/Prototyping_Pack_Free/Resources/Materials/Prototyp_Material_6.mat using Guid(c56b206169d606441bc20e1a416560ce) Importer(815301076,1909f56bfc062723c751e8b465ee728b)  -> (artifact id: 'f06f97573c37df520f34c5b98458fe94') in 0.006145 seconds
Number of updated asset objects reloaded before import = 0
Number of asset objects unloaded after import = 2
========================================================================
Received Import Request.
  Time since last request: 0.000035 seconds.
  path: Assets/DigitalKonstrukt/Prototyping_Pack_Free/Resources/Materials/Prototyp_Material_13.mat
  artifactKey: Guid(797bf488c630d4c4da4076a24ec6a432) Importer(815301076,1909f56bfc062723c751e8b465ee728b)
Start importing Assets/DigitalKonstrukt/Prototyping_Pack_Free/Resources/Materials/Prototyp_Material_13.mat using Guid(797bf488c630d4c4da4076a24ec6a432) Importer(815301076,1909f56bfc062723c751e8b465ee728b)  -> (artifact id: 'f686a6e3b31496e500c874d0341a7958') in 0.006087 seconds
Number of updated asset objects reloaded before import = 0
Number of asset objects unloaded after import = 1
========================================================================
Received Import Request.
  Time since last request: 0.000018 seconds.
  path: Assets/DigitalKonstrukt/Prototyping_Pack_Free/Resources/Materials/Prototyp_Material_14.mat
  artifactKey: Guid(4f47b69c96e3e06438c10c907f7d4f98) Importer(815301076,1909f56bfc062723c751e8b465ee728b)
Start importing Assets/DigitalKonstrukt/Prototyping_Pack_Free/Resources/Materials/Prototyp_Material_14.mat using Guid(4f47b69c96e3e06438c10c907f7d4f98) Importer(815301076,1909f56bfc062723c751e8b465ee728b)  -> (artifact id: 'f6524ffa35cbf9bc48feb1d5f742c1e0') in 0.008339 seconds
Number of updated asset objects reloaded before import = 0
Number of asset objects unloaded after import = 1
========================================================================
Received Import Request.
  Time since last request: 0.000019 seconds.
  path: Assets/DigitalKonstrukt/Prototyping_Pack_Free/Resources/Materials/Prototyp_Material_11.mat
  artifactKey: Guid(fe6847d63339b354f864815a92aca487) Importer(815301076,1909f56bfc062723c751e8b465ee728b)
Start importing Assets/DigitalKonstrukt/Prototyping_Pack_Free/Resources/Materials/Prototyp_Material_11.mat using Guid(fe6847d63339b354f864815a92aca487) Importer(815301076,1909f56bfc062723c751e8b465ee728b)  -> (artifact id: '436c548d685d47a36553c7555918af9a') in 0.008149 seconds
Number of updated asset objects reloaded before import = 0
Number of asset objects unloaded after import = 2
========================================================================
Received Prepare
Begin MonoManager ReloadAssembly
- Loaded All Assemblies, in  0.480 seconds
Refreshing native plugins compatible for Editor in 0.78 ms, found 0 plugins.
Native extension for LinuxStandalone target not found
Native extension for WindowsStandalone target not found
Native extension for Android target not found
Native extension for OSXStandalone target not found
[Package Manager] Server::EnsureServerProcessIsRunning -- launch failed, reason: Unity was launched with the -noUpm command-line argument
[Package Manager] UpmClient::Send -- Unable to send message (not connected to UPM process).
[Package Manager] Cannot connect to Unity Package Manager local server
Mono: successfully reloaded assembly
- Finished resetting the current domain, in  0.757 seconds
Domain Reload Profiling: 1237ms
	BeginReloadAssembly (188ms)
		ExecutionOrderSort (0ms)
		DisableScriptedObjects (5ms)
		BackupInstance (0ms)
		ReleaseScriptingObjects (0ms)
		CreateAndSetChildDomain (70ms)
	RebuildCommonClasses (51ms)
	RebuildNativeTypeToScriptingClass (12ms)
	initialDomainReloadingComplete (37ms)
	LoadAllAssembliesAndSetupDomain (190ms)
		LoadAssemblies (251ms)
		RebuildTransferFunctionScriptingTraits (0ms)
		AnalyzeDomain (9ms)
			TypeCache.Refresh (5ms)
				TypeCache.ScanAssembly (0ms)
			ScanForSourceGeneratedMonoScriptInfo (0ms)
			ResolveRequiredComponents (3ms)
	FinalizeReload (758ms)
		ReleaseScriptCaches (0ms)
		RebuildScriptCaches (0ms)
		SetupLoadedEditorAssemblies (483ms)
			LogAssemblyErrors (0ms)
			InitializePlatformSupportModulesInManaged (80ms)
			SetLoadedEditorAssemblies (4ms)
			RefreshPlugins (0ms)
			BeforeProcessingInitializeOnLoad (49ms)
			ProcessInitializeOnLoadAttributes (320ms)
			ProcessInitializeOnLoadMethodAttributes (25ms)
			AfterProcessingInitializeOnLoad (5ms)
			EditorAssembliesLoaded (0ms)
		ExecutionOrderSort2 (0ms)
		AwakeInstancesAfterBackupRestoration (5ms)
Refreshing native plugins compatible for Editor in 0.95 ms, found 0 plugins.
Preloading 0 native plugins for Editor in 0.00 ms.
Unloading 2180 Unused Serialized files (Serialized files now loaded: 0)
Unloading 32 unused Assets / (1.8 MB). Loaded Objects now: 2787.
Memory consumption went from 120.0 MB to 118.2 MB.
Total: 4.990521 ms (FindLiveObjects: 0.439179 ms CreateObjectMapping: 0.131963 ms MarkObjects: 3.905733 ms  DeleteObjects: 0.509847 ms)

Prepare: number of updated asset objects reloaded= 0
AssetImportParameters requested are different than current active one (requested -> active):
  custom:video-decoder-webm-vp8: 9c59270c3fd7afecdb556c50c9e8de78 -> 
  custom:SearchIndexIgnoredProperties: e643bd26f0fe6173181afceb89e7c659 -> 
  custom:container-demuxer-ogg: 62fdf1f143b41e24485cea50d1cbac27 -> 
  custom:AudioImporter_EditorPlatform: 2f0ff77a95e0ac474e3e8eeba4e2f7cb -> 
  custom:video-decoder-ogg-theora: a1e56fd34408186e4bbccfd4996cb3dc -> 
  custom:video-encoder-webm-vp8: eb34c28f22e8b96e1ab97ce403110664 -> 
  custom:audio-decoder-ogg-vorbis: bf7c407c2cedff20999df2af8eb42d56 -> 
  custom:CustomObjectIndexerAttribute: 232f87dd983dbecb2a4e21e08eb2cef8 -> 
  custom:container-demuxer-webm: 4f35f7cbe854078d1ac9338744f61a02 -> 
  custom:audio-encoder-webm-vorbis: bf7c407c2cedff20999df2af8eb42d56 -> 
  custom:container-muxer-webm: aa71ff27fc2769a1b78a27578f13a17b -> 
========================================================================
Received Import Request.
  Time since last request: 132.453740 seconds.
  path: Assets/DigitalKonstrukt/Prototyping_Pack_Free/Resources/Meshes
  artifactKey: Guid(db1e30aa142cdcd43bba7bf2a94e9639) Importer(815301076,1909f56bfc062723c751e8b465ee728b)
Start importing Assets/DigitalKonstrukt/Prototyping_Pack_Free/Resources/Meshes using Guid(db1e30aa142cdcd43bba7bf2a94e9639) Importer(815301076,1909f56bfc062723c751e8b465ee728b)  -> (artifact id: 'e5d4dcd1fc2fc9728497ab799ffc5f0c') in 0.006861 seconds
Number of updated asset objects reloaded before import = 0
Number of asset objects unloaded after import = 0
========================================================================
Received Import Request.
  Time since last request: 1.845114 seconds.
  path: Assets/DigitalKonstrukt/Prototyping_Pack_Free/Resources/Prefabs/Columns/PTK_Column_Edge_Large.prefab
  artifactKey: Guid(83f5d0749a6f6724fa31905af7db0670) Importer(815301076,1909f56bfc062723c751e8b465ee728b)
Start importing Assets/DigitalKonstrukt/Prototyping_Pack_Free/Resources/Prefabs/Columns/PTK_Column_Edge_Large.prefab using Guid(83f5d0749a6f6724fa31905af7db0670) Importer(815301076,1909f56bfc062723c751e8b465ee728b)  -> (artifact id: 'a5e89aa49ceed5fd195f226bc5834bba') in 0.054415 seconds
Number of updated asset objects reloaded before import = 0
Number of asset objects unloaded after import = 9
========================================================================
Received Import Request.
  Time since last request: 0.000020 seconds.
  path: Assets/DigitalKonstrukt/Prototyping_Pack_Free/Resources/Prefabs/Columns/PTK_Column_Small.prefab
  artifactKey: Guid(ca2d20238ddb6b84396d108c5968cb3f) Importer(815301076,1909f56bfc062723c751e8b465ee728b)
Start importing Assets/DigitalKonstrukt/Prototyping_Pack_Free/Resources/Prefabs/Columns/PTK_Column_Small.prefab using Guid(ca2d20238ddb6b84396d108c5968cb3f) Importer(815301076,1909f56bfc062723c751e8b465ee728b)  -> (artifact id: '2cd0f33a88825001044eb2477d3e9b6b') in 0.005970 seconds
Number of updated asset objects reloaded before import = 0
Number of asset objects unloaded after import = 10
========================================================================
Received Import Request.
  Time since last request: 0.000023 seconds.
  path: Assets/DigitalKonstrukt/Prototyping_Pack_Free/Resources/Prefabs/Columns/PTK_Column_Edge_Small.prefab
  artifactKey: Guid(47165549cd9765e4d9229b174852972b) Importer(815301076,1909f56bfc062723c751e8b465ee728b)
Start importing Assets/DigitalKonstrukt/Prototyping_Pack_Free/Resources/Prefabs/Columns/PTK_Column_Edge_Small.prefab using Guid(47165549cd9765e4d9229b174852972b) Importer(815301076,1909f56bfc062723c751e8b465ee728b)  -> (artifact id: 'f3927c5649ab622c8c70f24695fca14e') in 0.006548 seconds
Number of updated asset objects reloaded before import = 0
Number of asset objects unloaded after import = 9
========================================================================
Received Import Request.
  Time since last request: 5.460194 seconds.
  path: Assets/DigitalKonstrukt/Prototyping_Pack_Free/Demo
  artifactKey: Guid(7ed71ee299d728c4eb5ee2775958ba9a) Importer(815301076,1909f56bfc062723c751e8b465ee728b)
Start importing Assets/DigitalKonstrukt/Prototyping_Pack_Free/Demo using Guid(7ed71ee299d728c4eb5ee2775958ba9a) Importer(815301076,1909f56bfc062723c751e8b465ee728b)  -> (artifact id: '4bb21fc1221d73dbc7d7447cf17c3ae9') in 0.000322 seconds
Number of updated asset objects reloaded before import = 0
Number of asset objects unloaded after import = 0
========================================================================
Received Import Request.
  Time since last request: 0.072306 seconds.
  path: Assets/DigitalKonstrukt/Prototyping_Pack_Free/Demo/New Terrain 1.asset
  artifactKey: Guid(100162f69dfa99f4a9114658ab5543df) Importer(815301076,1909f56bfc062723c751e8b465ee728b)
Start importing Assets/DigitalKonstrukt/Prototyping_Pack_Free/Demo/New Terrain 1.asset using Guid(100162f69dfa99f4a9114658ab5543df) Importer(815301076,1909f56bfc062723c751e8b465ee728b)  -> (artifact id: '653449c727ba4a47a1a5a7dd621d8036') in 0.014493 seconds
Number of updated asset objects reloaded before import = 0
Number of asset objects unloaded after import = 3
========================================================================
Received Import Request.
  Time since last request: 7.863251 seconds.
  path: Assets/DigitalKonstrukt/Prototyping_Pack_Free/Resources/Prefabs/Stairs
  artifactKey: Guid(7f54f37687af50d4dbc7b407e07f1441) Importer(815301076,1909f56bfc062723c751e8b465ee728b)
Start importing Assets/DigitalKonstrukt/Prototyping_Pack_Free/Resources/Prefabs/Stairs using Guid(7f54f37687af50d4dbc7b407e07f1441) Importer(815301076,1909f56bfc062723c751e8b465ee728b)  -> (artifact id: '475778813d2e65e9bd5727d4157a0a2f') in 0.000601 seconds
Number of updated asset objects reloaded before import = 0
Number of asset objects unloaded after import = 0
========================================================================
Received Import Request.
  Time since last request: 0.054343 seconds.
  path: Assets/DigitalKonstrukt/Prototyping_Pack_Free/Resources/Prefabs/Stairs/PTK_Stairs_Large.prefab
  artifactKey: Guid(bcb5c50335d5ead4abea041e6e413ccd) Importer(815301076,1909f56bfc062723c751e8b465ee728b)
Start importing Assets/DigitalKonstrukt/Prototyping_Pack_Free/Resources/Prefabs/Stairs/PTK_Stairs_Large.prefab using Guid(bcb5c50335d5ead4abea041e6e413ccd) Importer(815301076,1909f56bfc062723c751e8b465ee728b)  -> (artifact id: 'b0697078151588cb791f633295e0f937') in 0.005523 seconds
Number of updated asset objects reloaded before import = 0
Number of asset objects unloaded after import = 10
========================================================================
Received Import Request.
  Time since last request: 0.000023 seconds.
  path: Assets/DigitalKonstrukt/Prototyping_Pack_Free/Resources/Prefabs/Stairs/PTK_Stairs_Small.prefab
  artifactKey: Guid(7c86d38630d69c3428eaa64a2437111f) Importer(815301076,1909f56bfc062723c751e8b465ee728b)
Start importing Assets/DigitalKonstrukt/Prototyping_Pack_Free/Resources/Prefabs/Stairs/PTK_Stairs_Small.prefab using Guid(7c86d38630d69c3428eaa64a2437111f) Importer(815301076,1909f56bfc062723c751e8b465ee728b)  -> (artifact id: 'c41b2a741d926a587322e7f525193c70') in 0.004800 seconds
Number of updated asset objects reloaded before import = 0
Number of asset objects unloaded after import = 10
========================================================================
Received Import Request.
  Time since last request: 11.792032 seconds.
  path: Assets/DigitalKonstrukt/Prototyping_Pack_Free/Resources/Prefabs/Ramps/PTK_Ramp_Large.prefab
  artifactKey: Guid(a523b2a222cd33041a9851edfed862dd) Importer(815301076,1909f56bfc062723c751e8b465ee728b)
Start importing Assets/DigitalKonstrukt/Prototyping_Pack_Free/Resources/Prefabs/Ramps/PTK_Ramp_Large.prefab using Guid(a523b2a222cd33041a9851edfed862dd) Importer(815301076,1909f56bfc062723c751e8b465ee728b)  -> (artifact id: '9489ef6e57baa0a2fd428c2f512c7908') in 0.005955 seconds
Number of updated asset objects reloaded before import = 0
Number of asset objects unloaded after import = 10
========================================================================
Received Import Request.
  Time since last request: 0.000019 seconds.
  path: Assets/DigitalKonstrukt/Prototyping_Pack_Free/Resources/Prefabs/Ramps/PTK_Ramp_Small.prefab
  artifactKey: Guid(39aeb83d96ac82246bf5c092137070cb) Importer(815301076,1909f56bfc062723c751e8b465ee728b)
Start importing Assets/DigitalKonstrukt/Prototyping_Pack_Free/Resources/Prefabs/Ramps/PTK_Ramp_Small.prefab using Guid(39aeb83d96ac82246bf5c092137070cb) Importer(815301076,1909f56bfc062723c751e8b465ee728b)  -> (artifact id: '38cd02ba37f1efda02f6244885c40cb1') in 0.005014 seconds
Number of updated asset objects reloaded before import = 0
Number of asset objects unloaded after import = 10
========================================================================
Received Import Request.
  Time since last request: 3.928637 seconds.
  path: Assets/DigitalKonstrukt/Prototyping_Pack_Free/Resources/Prefabs/Walls
  artifactKey: Guid(5dd1fa30c3793c4489c4cae55255db8e) Importer(815301076,1909f56bfc062723c751e8b465ee728b)
Start importing Assets/DigitalKonstrukt/Prototyping_Pack_Free/Resources/Prefabs/Walls using Guid(5dd1fa30c3793c4489c4cae55255db8e) Importer(815301076,1909f56bfc062723c751e8b465ee728b)  -> (artifact id: '557691908beed82ea9ae2acdaaa96335') in 0.000392 seconds
Number of updated asset objects reloaded before import = 0
Number of asset objects unloaded after import = 0
========================================================================
Received Import Request.
  Time since last request: 0.078178 seconds.
  path: Assets/DigitalKonstrukt/Prototyping_Pack_Free/Resources/Prefabs/Walls/PTK_Wall_Large_1.prefab
  artifactKey: Guid(e60b9bdfa5d189e44b91680db5645e86) Importer(815301076,1909f56bfc062723c751e8b465ee728b)
Start importing Assets/DigitalKonstrukt/Prototyping_Pack_Free/Resources/Prefabs/Walls/PTK_Wall_Large_1.prefab using Guid(e60b9bdfa5d189e44b91680db5645e86) Importer(815301076,1909f56bfc062723c751e8b465ee728b)  -> (artifact id: 'dfefa36fe97fb4931e536c649a956143') in 0.004993 seconds
Number of updated asset objects reloaded before import = 0
Number of asset objects unloaded after import = 10
========================================================================
Received Import Request.
  Time since last request: 0.000022 seconds.
  path: Assets/DigitalKonstrukt/Prototyping_Pack_Free/Resources/Prefabs/Walls/PTK_Wall_Large_4.prefab
  artifactKey: Guid(209728b25a1dee7498573de68103a125) Importer(815301076,1909f56bfc062723c751e8b465ee728b)
Start importing Assets/DigitalKonstrukt/Prototyping_Pack_Free/Resources/Prefabs/Walls/PTK_Wall_Large_4.prefab using Guid(209728b25a1dee7498573de68103a125) Importer(815301076,1909f56bfc062723c751e8b465ee728b)  -> (artifact id: '6f90ef24367b3cb9839651e60bf2efbe') in 0.009598 seconds
Number of updated asset objects reloaded before import = 0
Number of asset objects unloaded after import = 10
========================================================================
Received Import Request.
  Time since last request: 0.000057 seconds.
  path: Assets/DigitalKonstrukt/Prototyping_Pack_Free/Resources/Prefabs/Walls/PTK_Wall_Medium_3.prefab
  artifactKey: Guid(1aa78b0c78b0a3f4a9fb02a89d9befd3) Importer(815301076,1909f56bfc062723c751e8b465ee728b)
Start importing Assets/DigitalKonstrukt/Prototyping_Pack_Free/Resources/Prefabs/Walls/PTK_Wall_Medium_3.prefab using Guid(1aa78b0c78b0a3f4a9fb02a89d9befd3) Importer(815301076,1909f56bfc062723c751e8b465ee728b)  -> (artifact id: '9f47aa7f0dee1a1f2256ff2f023871a2') in 0.005236 seconds
Number of updated asset objects reloaded before import = 0
Number of asset objects unloaded after import = 10
========================================================================
Received Import Request.
  Time since last request: 0.000014 seconds.
  path: Assets/DigitalKonstrukt/Prototyping_Pack_Free/Resources/Prefabs/Walls/PTK_Wall_Medium_4.prefab
  artifactKey: Guid(9ecc29ec91676814b98ef7d1fb13b44b) Importer(815301076,1909f56bfc062723c751e8b465ee728b)
Start importing Assets/DigitalKonstrukt/Prototyping_Pack_Free/Resources/Prefabs/Walls/PTK_Wall_Medium_4.prefab using Guid(9ecc29ec91676814b98ef7d1fb13b44b) Importer(815301076,1909f56bfc062723c751e8b465ee728b)  -> (artifact id: 'dd12a7195e6d6cfce3c169134d4f011e') in 0.004994 seconds
Number of updated asset objects reloaded before import = 0
Number of asset objects unloaded after import = 10
========================================================================
Received Import Request.
  Time since last request: 0.000070 seconds.
  path: Assets/DigitalKonstrukt/Prototyping_Pack_Free/Resources/Prefabs/Walls/PTK_Wall_Small_4.prefab
  artifactKey: Guid(abe2c6883aa145b44850395bcfd2e9af) Importer(815301076,1909f56bfc062723c751e8b465ee728b)
Start importing Assets/DigitalKonstrukt/Prototyping_Pack_Free/Resources/Prefabs/Walls/PTK_Wall_Small_4.prefab using Guid(abe2c6883aa145b44850395bcfd2e9af) Importer(815301076,1909f56bfc062723c751e8b465ee728b)  -> (artifact id: '22050732858a048e16f8c563924712b5') in 0.012769 seconds
Number of updated asset objects reloaded before import = 0
Number of asset objects unloaded after import = 10
========================================================================
Received Import Request.
  Time since last request: 0.000034 seconds.
  path: Assets/DigitalKonstrukt/Prototyping_Pack_Free/Resources/Prefabs/Walls/PTK_Wall_Small_1.prefab
  artifactKey: Guid(4a3e3d619290a354eb1f0b00faa6dc2b) Importer(815301076,1909f56bfc062723c751e8b465ee728b)
Start importing Assets/DigitalKonstrukt/Prototyping_Pack_Free/Resources/Prefabs/Walls/PTK_Wall_Small_1.prefab using Guid(4a3e3d619290a354eb1f0b00faa6dc2b) Importer(815301076,1909f56bfc062723c751e8b465ee728b)  -> (artifact id: 'af3ed5051214c8f48c8afe871503108b') in 0.006662 seconds
Number of updated asset objects reloaded before import = 0
Number of asset objects unloaded after import = 10
========================================================================
Received Import Request.
  Time since last request: 0.000017 seconds.
  path: Assets/DigitalKonstrukt/Prototyping_Pack_Free/Resources/Prefabs/Walls/PTK_Wall_Large_5.prefab
  artifactKey: Guid(c21252cbe01eccd4a967b728d0b09f5a) Importer(815301076,1909f56bfc062723c751e8b465ee728b)
Start importing Assets/DigitalKonstrukt/Prototyping_Pack_Free/Resources/Prefabs/Walls/PTK_Wall_Large_5.prefab using Guid(c21252cbe01eccd4a967b728d0b09f5a) Importer(815301076,1909f56bfc062723c751e8b465ee728b)  -> (artifact id: '1bc2d2233cd7bdb3d84a18e3455cd901') in 0.004702 seconds
Number of updated asset objects reloaded before import = 0
Number of asset objects unloaded after import = 10
========================================================================
Received Import Request.
  Time since last request: 0.000022 seconds.
  path: Assets/DigitalKonstrukt/Prototyping_Pack_Free/Resources/Prefabs/Walls/PTK_Wall_Small_3.prefab
  artifactKey: Guid(53f90171c21a00e45b92815d46d3d994) Importer(815301076,1909f56bfc062723c751e8b465ee728b)
Start importing Assets/DigitalKonstrukt/Prototyping_Pack_Free/Resources/Prefabs/Walls/PTK_Wall_Small_3.prefab using Guid(53f90171c21a00e45b92815d46d3d994) Importer(815301076,1909f56bfc062723c751e8b465ee728b)  -> (artifact id: '0c92d004d21552eabeb325e353954638') in 0.007349 seconds
Number of updated asset objects reloaded before import = 0
Number of asset objects unloaded after import = 10
========================================================================
Received Import Request.
  Time since last request: 76.856962 seconds.
  path: Assets/DigitalKonstrukt/Prototyping_Pack_Free/Resources/Prefabs/Lamps/PTK_Lamp.prefab
  artifactKey: Guid(5ccb7635a0b4e9c408b824b36c335674) Importer(815301076,1909f56bfc062723c751e8b465ee728b)
Start importing Assets/DigitalKonstrukt/Prototyping_Pack_Free/Resources/Prefabs/Lamps/PTK_Lamp.prefab using Guid(5ccb7635a0b4e9c408b824b36c335674) Importer(815301076,1909f56bfc062723c751e8b465ee728b)  -> (artifact id: 'e2312b2f69ee8bc02c59761066d38f37') in 0.007552 seconds
Number of updated asset objects reloaded before import = 0
Number of asset objects unloaded after import = 13
========================================================================
Received Import Request.
  Time since last request: 47.930713 seconds.
  path: Assets/DigitalKonstrukt/Prototyping_Pack_Free/Resources/Prefabs/Containers/PTK_Chest.prefab
  artifactKey: Guid(d2b2bc861ac63fc48a394d85d73dbc87) Importer(815301076,1909f56bfc062723c751e8b465ee728b)
Start importing Assets/DigitalKonstrukt/Prototyping_Pack_Free/Resources/Prefabs/Containers/PTK_Chest.prefab using Guid(d2b2bc861ac63fc48a394d85d73dbc87) Importer(815301076,1909f56bfc062723c751e8b465ee728b)  -> (artifact id: '147a98f2aedbdeaa610cc2bdc3250d33') in 0.009350 seconds
Number of updated asset objects reloaded before import = 0
Number of asset objects unloaded after import = 18
========================================================================
Received Import Request.
  Time since last request: 29.847221 seconds.
  path: Assets/DigitalKonstrukt/Prototyping_Pack_Free/Resources/Prefabs/Cuboids/PTK_Cuboid_1.prefab
  artifactKey: Guid(88ccea9d275542b47a02cf9575d5864b) Importer(815301076,1909f56bfc062723c751e8b465ee728b)
Start importing Assets/DigitalKonstrukt/Prototyping_Pack_Free/Resources/Prefabs/Cuboids/PTK_Cuboid_1.prefab using Guid(88ccea9d275542b47a02cf9575d5864b) Importer(815301076,1909f56bfc062723c751e8b465ee728b)  -> (artifact id: 'ac87948b4df5a0b5ce6f8f8069e273d5') in 0.012774 seconds
Number of updated asset objects reloaded before import = 0
Number of asset objects unloaded after import = 10
========================================================================
Received Import Request.
  Time since last request: 0.003357 seconds.
  path: Assets/DigitalKonstrukt/Prototyping_Pack_Free/Resources/Prefabs/Cuboids/PTK_Cuboid_3.prefab
  artifactKey: Guid(8b9239982e8f5194bae7e3df2b6cd9b0) Importer(815301076,1909f56bfc062723c751e8b465ee728b)
Start importing Assets/DigitalKonstrukt/Prototyping_Pack_Free/Resources/Prefabs/Cuboids/PTK_Cuboid_3.prefab using Guid(8b9239982e8f5194bae7e3df2b6cd9b0) Importer(815301076,1909f56bfc062723c751e8b465ee728b)  -> (artifact id: '0a4949e689a9e3ade7d02d592d7d2a3b') in 0.007183 seconds
Number of updated asset objects reloaded before import = 0
Number of asset objects unloaded after import = 10
========================================================================
Received Import Request.
  Time since last request: 0.001413 seconds.
  path: Assets/DigitalKonstrukt/Prototyping_Pack_Free/Resources/Prefabs/Cuboids/PTK_Cuboid_5.prefab
  artifactKey: Guid(db58b1eda8133c84983d20108c13888e) Importer(815301076,1909f56bfc062723c751e8b465ee728b)
Start importing Assets/DigitalKonstrukt/Prototyping_Pack_Free/Resources/Prefabs/Cuboids/PTK_Cuboid_5.prefab using Guid(db58b1eda8133c84983d20108c13888e) Importer(815301076,1909f56bfc062723c751e8b465ee728b)  -> (artifact id: '0fa749569660c34c9701e1039773ef6a') in 0.010315 seconds
Number of updated asset objects reloaded before import = 0
Number of asset objects unloaded after import = 10
========================================================================
Received Prepare
Begin MonoManager ReloadAssembly
- Loaded All Assemblies, in  0.365 seconds
Refreshing native plugins compatible for Editor in 0.71 ms, found 0 plugins.
Native extension for LinuxStandalone target not found
Native extension for WindowsStandalone target not found
Native extension for Android target not found
Native extension for OSXStandalone target not found
[Package Manager] Server::EnsureServerProcessIsRunning -- launch failed, reason: Unity was launched with the -noUpm command-line argument
[Package Manager] UpmClient::Send -- Unable to send message (not connected to UPM process).
[Package Manager] Cannot connect to Unity Package Manager local server
Mono: successfully reloaded assembly
- Finished resetting the current domain, in  0.778 seconds
Domain Reload Profiling: 1143ms
	BeginReloadAssembly (166ms)
		ExecutionOrderSort (0ms)
		DisableScriptedObjects (5ms)
		BackupInstance (0ms)
		ReleaseScriptingObjects (0ms)
		CreateAndSetChildDomain (81ms)
	RebuildCommonClasses (30ms)
	RebuildNativeTypeToScriptingClass (6ms)
	initialDomainReloadingComplete (24ms)
	LoadAllAssembliesAndSetupDomain (138ms)
		LoadAssemblies (176ms)
		RebuildTransferFunctionScriptingTraits (0ms)
		AnalyzeDomain (9ms)
			TypeCache.Refresh (5ms)
				TypeCache.ScanAssembly (0ms)
			ScanForSourceGeneratedMonoScriptInfo (0ms)
			ResolveRequiredComponents (3ms)
	FinalizeReload (778ms)
		ReleaseScriptCaches (0ms)
		RebuildScriptCaches (0ms)
		SetupLoadedEditorAssemblies (510ms)
			LogAssemblyErrors (0ms)
			InitializePlatformSupportModulesInManaged (79ms)
			SetLoadedEditorAssemblies (4ms)
			RefreshPlugins (0ms)
			BeforeProcessingInitializeOnLoad (50ms)
			ProcessInitializeOnLoadAttributes (349ms)
			ProcessInitializeOnLoadMethodAttributes (24ms)
			AfterProcessingInitializeOnLoad (5ms)
			EditorAssembliesLoaded (0ms)
		ExecutionOrderSort2 (0ms)
		AwakeInstancesAfterBackupRestoration (4ms)
Refreshing native plugins compatible for Editor in 1.39 ms, found 0 plugins.
Preloading 0 native plugins for Editor in 0.00 ms.
Unloading 2180 Unused Serialized files (Serialized files now loaded: 0)
Unloading 32 unused Assets / (1.9 MB). Loaded Objects now: 2802.
Memory consumption went from 122.5 MB to 120.7 MB.
Total: 4.031689 ms (FindLiveObjects: 0.351230 ms CreateObjectMapping: 0.085776 ms MarkObjects: 3.210512 ms  DeleteObjects: 0.381702 ms)

Prepare: number of updated asset objects reloaded= 0
AssetImportParameters requested are different than current active one (requested -> active):
  custom:video-decoder-webm-vp8: 9c59270c3fd7afecdb556c50c9e8de78 -> 
  custom:SearchIndexIgnoredProperties: e643bd26f0fe6173181afceb89e7c659 -> 
  custom:container-demuxer-ogg: 62fdf1f143b41e24485cea50d1cbac27 -> 
  custom:AudioImporter_EditorPlatform: 2f0ff77a95e0ac474e3e8eeba4e2f7cb -> 
  custom:video-decoder-ogg-theora: a1e56fd34408186e4bbccfd4996cb3dc -> 
  custom:video-encoder-webm-vp8: eb34c28f22e8b96e1ab97ce403110664 -> 
  custom:audio-decoder-ogg-vorbis: bf7c407c2cedff20999df2af8eb42d56 -> 
  custom:CustomObjectIndexerAttribute: 232f87dd983dbecb2a4e21e08eb2cef8 -> 
  custom:container-demuxer-webm: 4f35f7cbe854078d1ac9338744f61a02 -> 
  custom:audio-encoder-webm-vorbis: bf7c407c2cedff20999df2af8eb42d56 -> 
  custom:container-muxer-webm: aa71ff27fc2769a1b78a27578f13a17b -> 
========================================================================
Received Prepare
Begin MonoManager ReloadAssembly
- Loaded All Assemblies, in  0.364 seconds
Refreshing native plugins compatible for Editor in 0.73 ms, found 0 plugins.
Native extension for LinuxStandalone target not found
Native extension for WindowsStandalone target not found
Native extension for Android target not found
Native extension for OSXStandalone target not found
[Package Manager] Server::EnsureServerProcessIsRunning -- launch failed, reason: Unity was launched with the -noUpm command-line argument
[Package Manager] UpmClient::Send -- Unable to send message (not connected to UPM process).
[Package Manager] Cannot connect to Unity Package Manager local server
Mono: successfully reloaded assembly
- Finished resetting the current domain, in  0.741 seconds
Domain Reload Profiling: 1105ms
	BeginReloadAssembly (138ms)
		ExecutionOrderSort (0ms)
		DisableScriptedObjects (5ms)
		BackupInstance (0ms)
		ReleaseScriptingObjects (0ms)
		CreateAndSetChildDomain (52ms)
	RebuildCommonClasses (30ms)
	RebuildNativeTypeToScriptingClass (6ms)
	initialDomainReloadingComplete (24ms)
	LoadAllAssembliesAndSetupDomain (165ms)
		LoadAssemblies (203ms)
		RebuildTransferFunctionScriptingTraits (0ms)
		AnalyzeDomain (9ms)
			TypeCache.Refresh (5ms)
				TypeCache.ScanAssembly (0ms)
			ScanForSourceGeneratedMonoScriptInfo (0ms)
			ResolveRequiredComponents (3ms)
	FinalizeReload (742ms)
		ReleaseScriptCaches (0ms)
		RebuildScriptCaches (0ms)
		SetupLoadedEditorAssemblies (488ms)
			LogAssemblyErrors (0ms)
			InitializePlatformSupportModulesInManaged (74ms)
			SetLoadedEditorAssemblies (4ms)
			RefreshPlugins (0ms)
			BeforeProcessingInitializeOnLoad (42ms)
			ProcessInitializeOnLoadAttributes (340ms)
			ProcessInitializeOnLoadMethodAttributes (23ms)
			AfterProcessingInitializeOnLoad (5ms)
			EditorAssembliesLoaded (0ms)
		ExecutionOrderSort2 (0ms)
		AwakeInstancesAfterBackupRestoration (4ms)
Refreshing native plugins compatible for Editor in 1.05 ms, found 0 plugins.
Preloading 0 native plugins for Editor in 0.00 ms.
Unloading 2181 Unused Serialized files (Serialized files now loaded: 0)
Unloading 32 unused Assets / (1.9 MB). Loaded Objects now: 2817.
Memory consumption went from 124.7 MB to 122.9 MB.
Total: 5.385009 ms (FindLiveObjects: 0.289717 ms CreateObjectMapping: 0.088672 ms MarkObjects: 4.168564 ms  DeleteObjects: 0.835608 ms)

Prepare: number of updated asset objects reloaded= 0
AssetImportParameters requested are different than current active one (requested -> active):
  custom:video-decoder-webm-vp8: 9c59270c3fd7afecdb556c50c9e8de78 -> 
  custom:SearchIndexIgnoredProperties: e643bd26f0fe6173181afceb89e7c659 -> 
  custom:container-demuxer-ogg: 62fdf1f143b41e24485cea50d1cbac27 -> 
  custom:AudioImporter_EditorPlatform: 2f0ff77a95e0ac474e3e8eeba4e2f7cb -> 
  custom:video-decoder-ogg-theora: a1e56fd34408186e4bbccfd4996cb3dc -> 
  custom:video-encoder-webm-vp8: eb34c28f22e8b96e1ab97ce403110664 -> 
  custom:audio-decoder-ogg-vorbis: bf7c407c2cedff20999df2af8eb42d56 -> 
  custom:CustomObjectIndexerAttribute: 232f87dd983dbecb2a4e21e08eb2cef8 -> 
  custom:container-demuxer-webm: 4f35f7cbe854078d1ac9338744f61a02 -> 
  custom:audio-encoder-webm-vorbis: bf7c407c2cedff20999df2af8eb42d56 -> 
  custom:container-muxer-webm: aa71ff27fc2769a1b78a27578f13a17b -> 
